<?xml version="1.0" encoding="UTF-8"?>
<!-- Generated by org.testng.reporters.JUnitXMLReporter -->
<testsuite ignored="0" hostname="ISCHLAPHP18207" failures="1" tests="2" name="Default test" time="40.002" errors="0" timestamp="2022-06-07T19:05:44 IST">
  <testcase classname="io.cucumber.testng.AbstractTestNGCucumberTests" name="runScenario" time="25.239"/>
  <testcase classname="io.cucumber.testng.AbstractTestNGCucumberTests" name="runScenario" time="14.39">
    <failure type="io.cucumber.java.PendingException" message="TODO: implement me">
      <![CDATA[io.cucumber.java.PendingException: TODO: implement me
at com.toddomvc.stepdefinition.Stepdef.the_selected_task_to_be_completed(Stepdef.java:73)
at âœ½.the selected task to be completed(file:///D:/eclipseNewWorkspace/TodoMVC/src/main/resources/Featurefiles/TodoMVC.feature:45)
]]>
    </failure>
  </testcase> <!-- runScenario -->
</testsuite> <!-- Default test -->
